{"contracts/EMToken.sol":{"l":{},"path":"/home/alex/Projects/erc.money-app/contracts/EMToken.sol","s":{},"b":{},"f":{"1":3},"fnMap":{"1":{"name":"constructor","line":7,"loc":{"start":{"line":7,"column":2},"end":{"line":7,"column":75}}}},"statementMap":{},"branchMap":{}},"contracts/IOrder.sol":{"l":{},"path":"/home/alex/Projects/erc.money-app/contracts/IOrder.sol","s":{},"b":{},"f":{},"fnMap":{},"statementMap":{},"branchMap":{}},"contracts/IToken.sol":{"l":{},"path":"/home/alex/Projects/erc.money-app/contracts/IToken.sol","s":{},"b":{},"f":{},"fnMap":{},"statementMap":{},"branchMap":{}},"contracts/Marketplace.sol":{"l":{"96":34,"100":30,"104":13,"108":13,"109":13,"110":3,"114":13,"118":11,"123":9,"130":3,"132":3,"133":3,"137":4,"141":4,"145":3,"147":3,"153":35,"157":7,"162":8,"163":1,"164":1,"166":1,"167":0,"170":1,"173":8,"178":1,"179":1,"181":1,"182":1,"183":1,"189":2,"190":2,"192":2,"193":4,"195":4,"196":2,"199":2,"201":2,"203":1,"204":1,"205":1,"211":8,"212":8,"216":8,"218":6,"230":14,"231":12,"232":10,"233":8,"235":6,"236":6,"237":6,"238":6,"240":6,"241":6,"242":6,"246":4,"251":2,"252":2,"268":2,"269":2,"271":2,"277":3,"279":1,"285":6,"287":6,"288":6,"290":6,"292":4,"297":2,"298":2,"302":2,"304":2,"305":2,"308":2,"309":1,"311":2,"313":2,"320":4,"322":4,"324":4,"331":2,"332":2,"334":2,"335":2,"337":2,"344":4,"346":4,"347":2,"348":2,"350":2,"351":2,"356":2,"357":1,"359":1,"364":2,"368":3,"370":3,"371":0,"374":3,"376":3,"377":3,"379":3,"380":2,"381":2,"382":2,"386":3,"387":1,"388":1,"394":4,"395":4,"398":0,"402":3,"404":3,"405":3,"406":3,"408":3,"409":2,"410":2,"413":3,"420":2,"421":2,"422":2,"423":2,"424":2,"428":2,"429":0,"432":2,"433":0,"436":2,"443":3,"444":3,"445":3,"446":3,"447":3,"459":1,"460":1,"468":1,"469":1},"path":"/home/alex/Projects/erc.money-app/contracts/Marketplace.sol","s":{"1":34,"2":13,"3":13,"4":3,"5":13,"6":11,"7":3,"8":3,"9":3,"10":4,"11":4,"12":3,"13":3,"14":35,"15":7,"16":8,"17":1,"18":1,"19":1,"20":1,"21":8,"22":1,"23":1,"24":1,"25":1,"26":1,"27":2,"28":2,"29":2,"30":4,"31":4,"32":2,"33":2,"34":1,"35":1,"36":8,"37":8,"38":8,"39":6,"40":14,"41":12,"42":10,"43":8,"44":6,"45":6,"46":6,"47":6,"48":6,"49":6,"50":6,"51":4,"52":2,"53":2,"54":2,"55":2,"56":3,"57":1,"58":6,"59":6,"60":6,"61":6,"62":4,"63":2,"64":2,"65":2,"66":2,"67":2,"68":2,"69":1,"70":2,"71":2,"72":4,"73":4,"74":4,"75":2,"76":2,"77":2,"78":2,"79":2,"80":4,"81":4,"82":2,"83":2,"84":2,"85":1,"86":1,"87":2,"88":3,"89":3,"90":0,"91":3,"92":3,"93":3,"94":3,"95":2,"96":2,"97":3,"98":1,"99":4,"100":4,"101":0,"102":3,"103":3,"104":3,"105":2,"106":2,"107":3,"108":2,"109":2,"110":2,"111":2,"112":2,"113":0,"114":2,"115":0,"116":2,"117":3,"118":3,"119":3,"120":3,"121":1,"122":1},"b":{"1":[30,4],"2":[13,0],"3":[11,2],"4":[9,2],"5":[3,0],"6":[0,1],"7":[2,0],"8":[2,2],"9":[1,1],"10":[8,0],"11":[6,2],"12":[12,2],"13":[10,2],"14":[8,2],"15":[6,2],"16":[6,0],"17":[6,0],"18":[4,2],"19":[2,2],"20":[1,2],"21":[6,0],"22":[6,0],"23":[2,2],"24":[1,1],"25":[4,0],"26":[2,0],"27":[2,0],"28":[2,2],"29":[1,1],"30":[0,3],"31":[2,0],"32":[1,2],"33":[4,0],"34":[2,1],"35":[2,0],"36":[2,0],"37":[0,2],"38":[3,0]},"f":{"1":34,"2":13,"3":13,"4":3,"5":4,"6":4,"7":3,"8":35,"9":7,"10":8,"11":1,"12":2,"13":8,"14":14,"15":3,"16":6,"17":4,"18":2,"19":4,"20":2,"21":2,"22":3,"23":4,"24":3,"25":2,"26":3,"27":1},"fnMap":{"1":{"name":"isNotBlacklisted","line":95,"loc":{"start":{"line":95,"column":2},"end":{"line":101,"column":2}}},"2":{"name":"orderReentrancyGuard","line":103,"loc":{"start":{"line":103,"column":2},"end":{"line":111,"column":2}}},"3":{"name":"orderOpen","line":113,"loc":{"start":{"line":113,"column":2},"end":{"line":124,"column":2}}},"4":{"name":"constructor","line":126,"loc":{"start":{"line":126,"column":2},"end":{"line":134,"column":2}}},"5":{"name":"orderExists","line":136,"loc":{"start":{"line":136,"column":2},"end":{"line":138,"column":2}}},"6":{"name":"getOrder","line":140,"loc":{"start":{"line":140,"column":2},"end":{"line":142,"column":2}}},"7":{"name":"isOrderActive","line":144,"loc":{"start":{"line":144,"column":2},"end":{"line":150,"column":2}}},"8":{"name":"isTokenBlacklisted","line":152,"loc":{"start":{"line":152,"column":2},"end":{"line":154,"column":2}}},"9":{"name":"stats","line":156,"loc":{"start":{"line":156,"column":2},"end":{"line":158,"column":2}}},"10":{"name":"requiredUserTokenAllowance","line":160,"loc":{"start":{"line":160,"column":2},"end":{"line":174,"column":2}}},"11":{"name":"listActiveUserOrders","line":176,"loc":{"start":{"line":176,"column":2},"end":{"line":185,"column":2}}},"12":{"name":"listOrders","line":187,"loc":{"start":{"line":187,"column":2},"end":{"line":208,"column":2}}},"13":{"name":"orderPayoffAmount","line":210,"loc":{"start":{"line":210,"column":2},"end":{"line":219,"column":2}}},"14":{"name":"createOrder","line":228,"loc":{"start":{"line":221,"column":2},"end":{"line":272,"column":2}}},"15":{"name":"closeOrder","line":275,"loc":{"start":{"line":274,"column":2},"end":{"line":280,"column":2}}},"16":{"name":"claimOrder","line":283,"loc":{"start":{"line":282,"column":2},"end":{"line":314,"column":2}}},"17":{"name":"updateTreasury","line":319,"loc":{"start":{"line":319,"column":2},"end":{"line":325,"column":2}}},"18":{"name":"updateReward","line":330,"loc":{"start":{"line":330,"column":2},"end":{"line":338,"column":2}}},"19":{"name":"blacklistToken","line":343,"loc":{"start":{"line":343,"column":2},"end":{"line":353,"column":2}}},"20":{"name":"freeze","line":355,"loc":{"start":{"line":355,"column":2},"end":{"line":361,"column":2}}},"21":{"name":"_matchOrderTokens","line":363,"loc":{"start":{"line":363,"column":2},"end":{"line":365,"column":2}}},"22":{"name":"_matchString","line":367,"loc":{"start":{"line":367,"column":2},"end":{"line":391,"column":2}}},"23":{"name":"_upperCaseByte","line":393,"loc":{"start":{"line":393,"column":2},"end":{"line":399,"column":2}}},"24":{"name":"_updateOrder","line":401,"loc":{"start":{"line":401,"column":2},"end":{"line":414,"column":2}}},"25":{"name":"_removeActiveOrder","line":419,"loc":{"start":{"line":419,"column":2},"end":{"line":437,"column":2}}},"26":{"name":"_reward","line":442,"loc":{"start":{"line":442,"column":2},"end":{"line":449,"column":2}}},"27":{"name":null,"line":458,"loc":{"start":{"line":458,"column":2},"end":{"line":461,"column":2}}}},"statementMap":{"1":{"start":{"line":96,"column":4},"end":{"line":96,"column":2538}},"2":{"start":{"line":104,"column":4},"end":{"line":104,"column":2691}},"3":{"start":{"line":108,"column":4},"end":{"line":108,"column":37}},"4":{"start":{"line":110,"column":4},"end":{"line":110,"column":38}},"5":{"start":{"line":114,"column":4},"end":{"line":114,"column":2920}},"6":{"start":{"line":118,"column":4},"end":{"line":118,"column":3000}},"7":{"start":{"line":130,"column":4},"end":{"line":130,"column":57}},"8":{"start":{"line":132,"column":4},"end":{"line":132,"column":28}},"9":{"start":{"line":133,"column":4},"end":{"line":133,"column":28}},"10":{"start":{"line":137,"column":4},"end":{"line":137,"column":33}},"11":{"start":{"line":141,"column":4},"end":{"line":141,"column":26}},"12":{"start":{"line":145,"column":4},"end":{"line":145,"column":49}},"13":{"start":{"line":147,"column":4},"end":{"line":147,"column":3777}},"14":{"start":{"line":153,"column":4},"end":{"line":153,"column":36}},"15":{"start":{"line":157,"column":4},"end":{"line":157,"column":30}},"16":{"start":{"line":162,"column":4},"end":{"line":162,"column":4214}},"17":{"start":{"line":163,"column":6},"end":{"line":163,"column":46}},"18":{"start":{"line":164,"column":6},"end":{"line":164,"column":49}},"19":{"start":{"line":166,"column":6},"end":{"line":166,"column":4382}},"20":{"start":{"line":170,"column":6},"end":{"line":170,"column":58}},"21":{"start":{"line":173,"column":4},"end":{"line":173,"column":39}},"22":{"start":{"line":178,"column":4},"end":{"line":178,"column":46}},"23":{"start":{"line":179,"column":4},"end":{"line":179,"column":41}},"24":{"start":{"line":181,"column":4},"end":{"line":181,"column":4767}},"25":{"start":{"line":182,"column":6},"end":{"line":182,"column":46}},"26":{"start":{"line":183,"column":6},"end":{"line":183,"column":36}},"27":{"start":{"line":189,"column":4},"end":{"line":189,"column":47}},"28":{"start":{"line":190,"column":4},"end":{"line":190,"column":34}},"29":{"start":{"line":192,"column":4},"end":{"line":192,"column":5170}},"30":{"start":{"line":193,"column":6},"end":{"line":193,"column":25}},"31":{"start":{"line":195,"column":6},"end":{"line":195,"column":5240}},"32":{"start":{"line":199,"column":6},"end":{"line":199,"column":36}},"33":{"start":{"line":201,"column":6},"end":{"line":201,"column":5333}},"34":{"start":{"line":204,"column":8},"end":{"line":204,"column":24}},"35":{"start":{"line":205,"column":8},"end":{"line":205,"column":32}},"36":{"start":{"line":211,"column":4},"end":{"line":211,"column":48}},"37":{"start":{"line":212,"column":4},"end":{"line":212,"column":5693}},"38":{"start":{"line":216,"column":4},"end":{"line":216,"column":99}},"39":{"start":{"line":218,"column":4},"end":{"line":218,"column":60}},"40":{"start":{"line":230,"column":4},"end":{"line":230,"column":66}},"41":{"start":{"line":231,"column":4},"end":{"line":231,"column":69}},"42":{"start":{"line":232,"column":4},"end":{"line":232,"column":82}},"43":{"start":{"line":233,"column":4},"end":{"line":233,"column":78}},"44":{"start":{"line":235,"column":4},"end":{"line":235,"column":44}},"45":{"start":{"line":236,"column":4},"end":{"line":236,"column":39}},"46":{"start":{"line":237,"column":4},"end":{"line":237,"column":40}},"47":{"start":{"line":238,"column":4},"end":{"line":238,"column":37}},"48":{"start":{"line":240,"column":4},"end":{"line":240,"column":103}},"49":{"start":{"line":241,"column":4},"end":{"line":241,"column":96}},"50":{"start":{"line":242,"column":4},"end":{"line":242,"column":6917}},"51":{"start":{"line":246,"column":4},"end":{"line":246,"column":7120}},"52":{"start":{"line":251,"column":4},"end":{"line":251,"column":26}},"53":{"start":{"line":252,"column":4},"end":{"line":252,"column":7276}},"54":{"start":{"line":269,"column":4},"end":{"line":269,"column":47}},"55":{"start":{"line":271,"column":4},"end":{"line":271,"column":52}},"56":{"start":{"line":277,"column":4},"end":{"line":277,"column":90}},"57":{"start":{"line":279,"column":4},"end":{"line":279,"column":54}},"58":{"start":{"line":285,"column":4},"end":{"line":285,"column":48}},"59":{"start":{"line":287,"column":4},"end":{"line":287,"column":70}},"60":{"start":{"line":288,"column":4},"end":{"line":288,"column":84}},"61":{"start":{"line":290,"column":4},"end":{"line":290,"column":58}},"62":{"start":{"line":292,"column":4},"end":{"line":292,"column":8450}},"63":{"start":{"line":297,"column":4},"end":{"line":297,"column":34}},"64":{"start":{"line":298,"column":4},"end":{"line":298,"column":8681}},"65":{"start":{"line":302,"column":4},"end":{"line":302,"column":33}},"66":{"start":{"line":304,"column":4},"end":{"line":304,"column":69}},"67":{"start":{"line":305,"column":4},"end":{"line":305,"column":59}},"68":{"start":{"line":308,"column":4},"end":{"line":308,"column":8992}},"69":{"start":{"line":309,"column":6},"end":{"line":309,"column":25}},"70":{"start":{"line":311,"column":4},"end":{"line":311,"column":24}},"71":{"start":{"line":313,"column":4},"end":{"line":313,"column":15}},"72":{"start":{"line":320,"column":4},"end":{"line":320,"column":70}},"73":{"start":{"line":322,"column":4},"end":{"line":322,"column":23}},"74":{"start":{"line":324,"column":4},"end":{"line":324,"column":49}},"75":{"start":{"line":331,"column":4},"end":{"line":331,"column":66}},"76":{"start":{"line":332,"column":4},"end":{"line":332,"column":85}},"77":{"start":{"line":334,"column":4},"end":{"line":334,"column":17}},"78":{"start":{"line":335,"column":4},"end":{"line":335,"column":19}},"79":{"start":{"line":337,"column":4},"end":{"line":337,"column":53}},"80":{"start":{"line":344,"column":4},"end":{"line":344,"column":36}},"81":{"start":{"line":346,"column":4},"end":{"line":346,"column":9933}},"82":{"start":{"line":348,"column":6},"end":{"line":348,"column":49}},"83":{"start":{"line":351,"column":6},"end":{"line":351,"column":51}},"84":{"start":{"line":356,"column":4},"end":{"line":356,"column":10191}},"85":{"start":{"line":357,"column":6},"end":{"line":357,"column":13}},"86":{"start":{"line":359,"column":6},"end":{"line":359,"column":15}},"87":{"start":{"line":364,"column":4},"end":{"line":364,"column":89}},"88":{"start":{"line":368,"column":4},"end":{"line":368,"column":42}},"89":{"start":{"line":370,"column":4},"end":{"line":370,"column":10618}},"90":{"start":{"line":371,"column":6},"end":{"line":371,"column":17}},"91":{"start":{"line":374,"column":4},"end":{"line":374,"column":40}},"92":{"start":{"line":376,"column":4},"end":{"line":376,"column":10721}},"93":{"start":{"line":377,"column":6},"end":{"line":377,"column":22}},"94":{"start":{"line":379,"column":6},"end":{"line":379,"column":10820}},"95":{"start":{"line":380,"column":8},"end":{"line":380,"column":10876}},"96":{"start":{"line":381,"column":10},"end":{"line":381,"column":21}},"97":{"start":{"line":386,"column":6},"end":{"line":386,"column":11013}},"98":{"start":{"line":387,"column":8},"end":{"line":387,"column":19}},"99":{"start":{"line":394,"column":4},"end":{"line":394,"column":11154}},"100":{"start":{"line":395,"column":6},"end":{"line":395,"column":36}},"101":{"start":{"line":398,"column":4},"end":{"line":398,"column":14}},"102":{"start":{"line":402,"column":4},"end":{"line":402,"column":43}},"103":{"start":{"line":404,"column":4},"end":{"line":404,"column":26}},"104":{"start":{"line":408,"column":4},"end":{"line":408,"column":11481}},"105":{"start":{"line":409,"column":6},"end":{"line":409,"column":63}},"106":{"start":{"line":410,"column":6},"end":{"line":410,"column":73}},"107":{"start":{"line":413,"column":4},"end":{"line":413,"column":53}},"108":{"start":{"line":420,"column":4},"end":{"line":420,"column":11932}},"109":{"start":{"line":421,"column":6},"end":{"line":421,"column":11998}},"110":{"start":{"line":422,"column":8},"end":{"line":422,"column":19}},"111":{"start":{"line":423,"column":8},"end":{"line":423,"column":16}},"112":{"start":{"line":428,"column":4},"end":{"line":428,"column":12115}},"113":{"start":{"line":429,"column":6},"end":{"line":429,"column":27}},"114":{"start":{"line":432,"column":4},"end":{"line":432,"column":12169}},"115":{"start":{"line":433,"column":6},"end":{"line":433,"column":62}},"116":{"start":{"line":436,"column":4},"end":{"line":436,"column":31}},"117":{"start":{"line":443,"column":4},"end":{"line":443,"column":12455}},"118":{"start":{"line":444,"column":6},"end":{"line":444,"column":33}},"119":{"start":{"line":446,"column":6},"end":{"line":446,"column":27}},"120":{"start":{"line":447,"column":6},"end":{"line":447,"column":35}},"121":{"start":{"line":459,"column":4},"end":{"line":459,"column":31}},"122":{"start":{"line":460,"column":4},"end":{"line":460,"column":41}}},"branchMap":{"1":{"line":96,"type":"if","locations":[{"start":{"line":96,"column":4},"end":{"line":96,"column":4}},{"start":{"line":96,"column":4},"end":{"line":96,"column":4}}]},"2":{"line":104,"type":"if","locations":[{"start":{"line":104,"column":4},"end":{"line":104,"column":4}},{"start":{"line":104,"column":4},"end":{"line":104,"column":4}}]},"3":{"line":114,"type":"if","locations":[{"start":{"line":114,"column":4},"end":{"line":114,"column":4}},{"start":{"line":114,"column":4},"end":{"line":114,"column":4}}]},"4":{"line":118,"type":"if","locations":[{"start":{"line":118,"column":4},"end":{"line":118,"column":4}},{"start":{"line":118,"column":4},"end":{"line":118,"column":4}}]},"5":{"line":130,"type":"if","locations":[{"start":{"line":130,"column":4},"end":{"line":130,"column":4}},{"start":{"line":130,"column":4},"end":{"line":130,"column":4}}]},"6":{"line":166,"type":"if","locations":[{"start":{"line":166,"column":6},"end":{"line":166,"column":6}},{"start":{"line":166,"column":6},"end":{"line":166,"column":6}}]},"7":{"line":189,"type":"if","locations":[{"start":{"line":189,"column":4},"end":{"line":189,"column":4}},{"start":{"line":189,"column":4},"end":{"line":189,"column":4}}]},"8":{"line":195,"type":"if","locations":[{"start":{"line":195,"column":6},"end":{"line":195,"column":6}},{"start":{"line":195,"column":6},"end":{"line":195,"column":6}}]},"9":{"line":201,"type":"if","locations":[{"start":{"line":201,"column":6},"end":{"line":201,"column":6}},{"start":{"line":201,"column":6},"end":{"line":201,"column":6}}]},"10":{"line":212,"type":"if","locations":[{"start":{"line":212,"column":4},"end":{"line":212,"column":4}},{"start":{"line":212,"column":4},"end":{"line":212,"column":4}}]},"11":{"line":216,"type":"if","locations":[{"start":{"line":216,"column":4},"end":{"line":216,"column":4}},{"start":{"line":216,"column":4},"end":{"line":216,"column":4}}]},"12":{"line":230,"type":"if","locations":[{"start":{"line":230,"column":4},"end":{"line":230,"column":4}},{"start":{"line":230,"column":4},"end":{"line":230,"column":4}}]},"13":{"line":231,"type":"if","locations":[{"start":{"line":231,"column":4},"end":{"line":231,"column":4}},{"start":{"line":231,"column":4},"end":{"line":231,"column":4}}]},"14":{"line":232,"type":"if","locations":[{"start":{"line":232,"column":4},"end":{"line":232,"column":4}},{"start":{"line":232,"column":4},"end":{"line":232,"column":4}}]},"15":{"line":233,"type":"if","locations":[{"start":{"line":233,"column":4},"end":{"line":233,"column":4}},{"start":{"line":233,"column":4},"end":{"line":233,"column":4}}]},"16":{"line":240,"type":"if","locations":[{"start":{"line":240,"column":4},"end":{"line":240,"column":4}},{"start":{"line":240,"column":4},"end":{"line":240,"column":4}}]},"17":{"line":241,"type":"if","locations":[{"start":{"line":241,"column":4},"end":{"line":241,"column":4}},{"start":{"line":241,"column":4},"end":{"line":241,"column":4}}]},"18":{"line":242,"type":"if","locations":[{"start":{"line":242,"column":4},"end":{"line":242,"column":4}},{"start":{"line":242,"column":4},"end":{"line":242,"column":4}}]},"19":{"line":246,"type":"if","locations":[{"start":{"line":246,"column":4},"end":{"line":246,"column":4}},{"start":{"line":246,"column":4},"end":{"line":246,"column":4}}]},"20":{"line":277,"type":"if","locations":[{"start":{"line":277,"column":4},"end":{"line":277,"column":4}},{"start":{"line":277,"column":4},"end":{"line":277,"column":4}}]},"21":{"line":287,"type":"if","locations":[{"start":{"line":287,"column":4},"end":{"line":287,"column":4}},{"start":{"line":287,"column":4},"end":{"line":287,"column":4}}]},"22":{"line":288,"type":"if","locations":[{"start":{"line":288,"column":4},"end":{"line":288,"column":4}},{"start":{"line":288,"column":4},"end":{"line":288,"column":4}}]},"23":{"line":292,"type":"if","locations":[{"start":{"line":292,"column":4},"end":{"line":292,"column":4}},{"start":{"line":292,"column":4},"end":{"line":292,"column":4}}]},"24":{"line":308,"type":"if","locations":[{"start":{"line":308,"column":4},"end":{"line":308,"column":4}},{"start":{"line":308,"column":4},"end":{"line":308,"column":4}}]},"25":{"line":320,"type":"if","locations":[{"start":{"line":320,"column":4},"end":{"line":320,"column":4}},{"start":{"line":320,"column":4},"end":{"line":320,"column":4}}]},"26":{"line":331,"type":"if","locations":[{"start":{"line":331,"column":4},"end":{"line":331,"column":4}},{"start":{"line":331,"column":4},"end":{"line":331,"column":4}}]},"27":{"line":332,"type":"if","locations":[{"start":{"line":332,"column":4},"end":{"line":332,"column":4}},{"start":{"line":332,"column":4},"end":{"line":332,"column":4}}]},"28":{"line":346,"type":"if","locations":[{"start":{"line":346,"column":4},"end":{"line":346,"column":4}},{"start":{"line":346,"column":4},"end":{"line":346,"column":4}}]},"29":{"line":356,"type":"if","locations":[{"start":{"line":356,"column":4},"end":{"line":356,"column":4}},{"start":{"line":356,"column":4},"end":{"line":356,"column":4}}]},"30":{"line":370,"type":"if","locations":[{"start":{"line":370,"column":4},"end":{"line":370,"column":4}},{"start":{"line":370,"column":4},"end":{"line":370,"column":4}}]},"31":{"line":380,"type":"if","locations":[{"start":{"line":380,"column":8},"end":{"line":380,"column":8}},{"start":{"line":380,"column":8},"end":{"line":380,"column":8}}]},"32":{"line":386,"type":"if","locations":[{"start":{"line":386,"column":6},"end":{"line":386,"column":6}},{"start":{"line":386,"column":6},"end":{"line":386,"column":6}}]},"33":{"line":394,"type":"if","locations":[{"start":{"line":394,"column":4},"end":{"line":394,"column":4}},{"start":{"line":394,"column":4},"end":{"line":394,"column":4}}]},"34":{"line":408,"type":"if","locations":[{"start":{"line":408,"column":4},"end":{"line":408,"column":4}},{"start":{"line":408,"column":4},"end":{"line":408,"column":4}}]},"35":{"line":410,"type":"if","locations":[{"start":{"line":410,"column":6},"end":{"line":410,"column":6}},{"start":{"line":410,"column":6},"end":{"line":410,"column":6}}]},"36":{"line":421,"type":"if","locations":[{"start":{"line":421,"column":6},"end":{"line":421,"column":6}},{"start":{"line":421,"column":6},"end":{"line":421,"column":6}}]},"37":{"line":428,"type":"if","locations":[{"start":{"line":428,"column":4},"end":{"line":428,"column":4}},{"start":{"line":428,"column":4},"end":{"line":428,"column":4}}]},"38":{"line":443,"type":"if","locations":[{"start":{"line":443,"column":4},"end":{"line":443,"column":4}},{"start":{"line":443,"column":4},"end":{"line":443,"column":4}}]}}}}