{"contracts/EMToken.sol":{"l":{},"path":"/home/alex/Projects/erc.money-app/contracts/EMToken.sol","s":{},"b":{},"f":{"1":3},"fnMap":{"1":{"name":"constructor","line":7,"loc":{"start":{"line":7,"column":2},"end":{"line":7,"column":75}}}},"statementMap":{},"branchMap":{}},"contracts/IOrder.sol":{"l":{},"path":"/home/alex/Projects/erc.money-app/contracts/IOrder.sol","s":{},"b":{},"f":{},"fnMap":{},"statementMap":{},"branchMap":{}},"contracts/IToken.sol":{"l":{},"path":"/home/alex/Projects/erc.money-app/contracts/IToken.sol","s":{},"b":{},"f":{},"fnMap":{},"statementMap":{},"branchMap":{}},"contracts/Marketplace.sol":{"l":{"91":30,"95":26,"99":13,"103":13,"104":13,"105":3,"109":13,"113":11,"118":9,"125":3,"126":3,"128":3,"129":3,"133":4,"137":4,"141":3,"143":3,"149":31,"153":7,"158":6,"159":1,"160":1,"162":1,"163":0,"166":1,"169":6,"174":1,"175":1,"177":1,"178":1,"179":1,"185":2,"186":2,"188":2,"189":4,"191":4,"192":2,"195":2,"197":2,"199":1,"200":1,"201":1,"207":8,"208":8,"212":8,"214":6,"226":12,"227":10,"228":8,"229":6,"231":4,"232":4,"233":4,"234":4,"236":4,"237":4,"238":4,"243":2,"244":2,"260":2,"261":2,"263":2,"269":3,"271":1,"277":6,"279":6,"280":6,"282":6,"284":4,"289":2,"290":2,"294":2,"296":2,"297":2,"300":2,"301":1,"303":2,"305":2,"312":1,"313":1,"315":1,"316":1,"318":1,"325":4,"327":4,"328":2,"329":2,"331":2,"332":2,"337":2,"338":1,"340":1,"345":2,"349":3,"351":3,"352":0,"355":3,"357":3,"358":3,"360":3,"361":2,"362":2,"363":2,"367":3,"368":1,"369":1,"375":4,"376":4,"379":0,"383":3,"385":3,"386":3,"387":3,"389":3,"390":2,"391":2,"394":3,"401":2,"402":2,"403":2,"404":2,"405":2,"409":2,"410":0,"413":2,"414":0,"417":2,"424":3,"425":3,"426":3,"427":3,"428":3,"440":1,"441":1,"449":1,"450":1},"path":"/home/alex/Projects/erc.money-app/contracts/Marketplace.sol","s":{"1":30,"2":13,"3":13,"4":3,"5":13,"6":11,"7":3,"8":3,"9":3,"10":3,"11":4,"12":4,"13":3,"14":3,"15":31,"16":7,"17":6,"18":1,"19":1,"20":1,"21":1,"22":6,"23":1,"24":1,"25":1,"26":1,"27":1,"28":2,"29":2,"30":2,"31":4,"32":4,"33":2,"34":2,"35":1,"36":1,"37":8,"38":8,"39":8,"40":6,"41":12,"42":10,"43":8,"44":6,"45":4,"46":4,"47":4,"48":4,"49":4,"50":4,"51":4,"52":2,"53":2,"54":2,"55":2,"56":3,"57":1,"58":6,"59":6,"60":6,"61":6,"62":4,"63":2,"64":2,"65":2,"66":2,"67":2,"68":2,"69":1,"70":2,"71":2,"72":1,"73":1,"74":1,"75":1,"76":1,"77":4,"78":4,"79":2,"80":2,"81":2,"82":1,"83":1,"84":2,"85":3,"86":3,"87":0,"88":3,"89":3,"90":3,"91":3,"92":2,"93":2,"94":3,"95":1,"96":4,"97":4,"98":0,"99":3,"100":3,"101":3,"102":2,"103":2,"104":3,"105":2,"106":2,"107":2,"108":2,"109":2,"110":0,"111":2,"112":0,"113":2,"114":3,"115":3,"116":3,"117":3,"118":1,"119":1},"b":{"1":[26,4],"2":[13,0],"3":[11,2],"4":[9,2],"5":[3,0],"6":[3,0],"7":[0,1],"8":[2,0],"9":[2,2],"10":[1,1],"11":[8,0],"12":[6,2],"13":[10,2],"14":[8,2],"15":[6,2],"16":[4,2],"17":[4,0],"18":[4,0],"19":[2,2],"20":[1,2],"21":[6,0],"22":[6,0],"23":[2,2],"24":[1,1],"25":[1,0],"26":[1,0],"27":[2,2],"28":[1,1],"29":[0,3],"30":[2,0],"31":[1,2],"32":[4,0],"33":[2,1],"34":[2,0],"35":[2,0],"36":[0,2],"37":[3,0]},"f":{"1":30,"2":13,"3":13,"4":3,"5":4,"6":4,"7":3,"8":31,"9":7,"10":6,"11":1,"12":2,"13":8,"14":12,"15":3,"16":6,"17":1,"18":4,"19":2,"20":2,"21":3,"22":4,"23":3,"24":2,"25":3,"26":1},"fnMap":{"1":{"name":"isNotBlacklisted","line":90,"loc":{"start":{"line":90,"column":2},"end":{"line":96,"column":2}}},"2":{"name":"orderReentrancyGuard","line":98,"loc":{"start":{"line":98,"column":2},"end":{"line":106,"column":2}}},"3":{"name":"orderOpen","line":108,"loc":{"start":{"line":108,"column":2},"end":{"line":119,"column":2}}},"4":{"name":"constructor","line":121,"loc":{"start":{"line":121,"column":2},"end":{"line":130,"column":2}}},"5":{"name":"orderExists","line":132,"loc":{"start":{"line":132,"column":2},"end":{"line":134,"column":2}}},"6":{"name":"getOrder","line":136,"loc":{"start":{"line":136,"column":2},"end":{"line":138,"column":2}}},"7":{"name":"isOrderActive","line":140,"loc":{"start":{"line":140,"column":2},"end":{"line":146,"column":2}}},"8":{"name":"isTokenBlacklisted","line":148,"loc":{"start":{"line":148,"column":2},"end":{"line":150,"column":2}}},"9":{"name":"stats","line":152,"loc":{"start":{"line":152,"column":2},"end":{"line":154,"column":2}}},"10":{"name":"requiredUserTokenAllowance","line":156,"loc":{"start":{"line":156,"column":2},"end":{"line":170,"column":2}}},"11":{"name":"listActiveUserOrders","line":172,"loc":{"start":{"line":172,"column":2},"end":{"line":181,"column":2}}},"12":{"name":"listOrders","line":183,"loc":{"start":{"line":183,"column":2},"end":{"line":204,"column":2}}},"13":{"name":"orderPayoffAmount","line":206,"loc":{"start":{"line":206,"column":2},"end":{"line":215,"column":2}}},"14":{"name":"createOrder","line":224,"loc":{"start":{"line":217,"column":2},"end":{"line":264,"column":2}}},"15":{"name":"closeOrder","line":267,"loc":{"start":{"line":266,"column":2},"end":{"line":272,"column":2}}},"16":{"name":"claimOrder","line":275,"loc":{"start":{"line":274,"column":2},"end":{"line":306,"column":2}}},"17":{"name":"updateReward","line":311,"loc":{"start":{"line":311,"column":2},"end":{"line":319,"column":2}}},"18":{"name":"blacklistToken","line":324,"loc":{"start":{"line":324,"column":2},"end":{"line":334,"column":2}}},"19":{"name":"freeze","line":336,"loc":{"start":{"line":336,"column":2},"end":{"line":342,"column":2}}},"20":{"name":"_matchOrderTokens","line":344,"loc":{"start":{"line":344,"column":2},"end":{"line":346,"column":2}}},"21":{"name":"_matchString","line":348,"loc":{"start":{"line":348,"column":2},"end":{"line":372,"column":2}}},"22":{"name":"_upperCaseByte","line":374,"loc":{"start":{"line":374,"column":2},"end":{"line":380,"column":2}}},"23":{"name":"_updateOrder","line":382,"loc":{"start":{"line":382,"column":2},"end":{"line":395,"column":2}}},"24":{"name":"_removeActiveOrder","line":400,"loc":{"start":{"line":400,"column":2},"end":{"line":418,"column":2}}},"25":{"name":"_reward","line":423,"loc":{"start":{"line":423,"column":2},"end":{"line":430,"column":2}}},"26":{"name":null,"line":439,"loc":{"start":{"line":439,"column":2},"end":{"line":442,"column":2}}}},"statementMap":{"1":{"start":{"line":91,"column":4},"end":{"line":91,"column":2404}},"2":{"start":{"line":99,"column":4},"end":{"line":99,"column":2557}},"3":{"start":{"line":103,"column":4},"end":{"line":103,"column":37}},"4":{"start":{"line":105,"column":4},"end":{"line":105,"column":38}},"5":{"start":{"line":109,"column":4},"end":{"line":109,"column":2786}},"6":{"start":{"line":113,"column":4},"end":{"line":113,"column":2866}},"7":{"start":{"line":125,"column":4},"end":{"line":125,"column":70}},"8":{"start":{"line":126,"column":4},"end":{"line":126,"column":57}},"9":{"start":{"line":128,"column":4},"end":{"line":128,"column":23}},"10":{"start":{"line":129,"column":4},"end":{"line":129,"column":28}},"11":{"start":{"line":133,"column":4},"end":{"line":133,"column":33}},"12":{"start":{"line":137,"column":4},"end":{"line":137,"column":26}},"13":{"start":{"line":141,"column":4},"end":{"line":141,"column":49}},"14":{"start":{"line":143,"column":4},"end":{"line":143,"column":3711}},"15":{"start":{"line":149,"column":4},"end":{"line":149,"column":36}},"16":{"start":{"line":153,"column":4},"end":{"line":153,"column":30}},"17":{"start":{"line":158,"column":4},"end":{"line":158,"column":4148}},"18":{"start":{"line":159,"column":6},"end":{"line":159,"column":46}},"19":{"start":{"line":160,"column":6},"end":{"line":160,"column":49}},"20":{"start":{"line":162,"column":6},"end":{"line":162,"column":4316}},"21":{"start":{"line":166,"column":6},"end":{"line":166,"column":58}},"22":{"start":{"line":169,"column":4},"end":{"line":169,"column":39}},"23":{"start":{"line":174,"column":4},"end":{"line":174,"column":46}},"24":{"start":{"line":175,"column":4},"end":{"line":175,"column":41}},"25":{"start":{"line":177,"column":4},"end":{"line":177,"column":4701}},"26":{"start":{"line":178,"column":6},"end":{"line":178,"column":46}},"27":{"start":{"line":179,"column":6},"end":{"line":179,"column":36}},"28":{"start":{"line":185,"column":4},"end":{"line":185,"column":47}},"29":{"start":{"line":186,"column":4},"end":{"line":186,"column":34}},"30":{"start":{"line":188,"column":4},"end":{"line":188,"column":5104}},"31":{"start":{"line":189,"column":6},"end":{"line":189,"column":25}},"32":{"start":{"line":191,"column":6},"end":{"line":191,"column":5174}},"33":{"start":{"line":195,"column":6},"end":{"line":195,"column":36}},"34":{"start":{"line":197,"column":6},"end":{"line":197,"column":5267}},"35":{"start":{"line":200,"column":8},"end":{"line":200,"column":24}},"36":{"start":{"line":201,"column":8},"end":{"line":201,"column":32}},"37":{"start":{"line":207,"column":4},"end":{"line":207,"column":48}},"38":{"start":{"line":208,"column":4},"end":{"line":208,"column":5627}},"39":{"start":{"line":212,"column":4},"end":{"line":212,"column":99}},"40":{"start":{"line":214,"column":4},"end":{"line":214,"column":60}},"41":{"start":{"line":226,"column":4},"end":{"line":226,"column":66}},"42":{"start":{"line":227,"column":4},"end":{"line":227,"column":69}},"43":{"start":{"line":228,"column":4},"end":{"line":228,"column":82}},"44":{"start":{"line":229,"column":4},"end":{"line":229,"column":78}},"45":{"start":{"line":231,"column":4},"end":{"line":231,"column":44}},"46":{"start":{"line":232,"column":4},"end":{"line":232,"column":39}},"47":{"start":{"line":233,"column":4},"end":{"line":233,"column":40}},"48":{"start":{"line":234,"column":4},"end":{"line":234,"column":37}},"49":{"start":{"line":236,"column":4},"end":{"line":236,"column":103}},"50":{"start":{"line":237,"column":4},"end":{"line":237,"column":96}},"51":{"start":{"line":238,"column":4},"end":{"line":238,"column":6851}},"52":{"start":{"line":243,"column":4},"end":{"line":243,"column":26}},"53":{"start":{"line":244,"column":4},"end":{"line":244,"column":7080}},"54":{"start":{"line":261,"column":4},"end":{"line":261,"column":47}},"55":{"start":{"line":263,"column":4},"end":{"line":263,"column":52}},"56":{"start":{"line":269,"column":4},"end":{"line":269,"column":90}},"57":{"start":{"line":271,"column":4},"end":{"line":271,"column":54}},"58":{"start":{"line":277,"column":4},"end":{"line":277,"column":48}},"59":{"start":{"line":279,"column":4},"end":{"line":279,"column":70}},"60":{"start":{"line":280,"column":4},"end":{"line":280,"column":84}},"61":{"start":{"line":282,"column":4},"end":{"line":282,"column":58}},"62":{"start":{"line":284,"column":4},"end":{"line":284,"column":8254}},"63":{"start":{"line":289,"column":4},"end":{"line":289,"column":34}},"64":{"start":{"line":290,"column":4},"end":{"line":290,"column":8485}},"65":{"start":{"line":294,"column":4},"end":{"line":294,"column":33}},"66":{"start":{"line":296,"column":4},"end":{"line":296,"column":69}},"67":{"start":{"line":297,"column":4},"end":{"line":297,"column":59}},"68":{"start":{"line":300,"column":4},"end":{"line":300,"column":8796}},"69":{"start":{"line":301,"column":6},"end":{"line":301,"column":25}},"70":{"start":{"line":303,"column":4},"end":{"line":303,"column":24}},"71":{"start":{"line":305,"column":4},"end":{"line":305,"column":15}},"72":{"start":{"line":312,"column":4},"end":{"line":312,"column":66}},"73":{"start":{"line":313,"column":4},"end":{"line":313,"column":85}},"74":{"start":{"line":315,"column":4},"end":{"line":315,"column":17}},"75":{"start":{"line":316,"column":4},"end":{"line":316,"column":19}},"76":{"start":{"line":318,"column":4},"end":{"line":318,"column":53}},"77":{"start":{"line":325,"column":4},"end":{"line":325,"column":36}},"78":{"start":{"line":327,"column":4},"end":{"line":327,"column":9462}},"79":{"start":{"line":329,"column":6},"end":{"line":329,"column":49}},"80":{"start":{"line":332,"column":6},"end":{"line":332,"column":51}},"81":{"start":{"line":337,"column":4},"end":{"line":337,"column":9720}},"82":{"start":{"line":338,"column":6},"end":{"line":338,"column":13}},"83":{"start":{"line":340,"column":6},"end":{"line":340,"column":15}},"84":{"start":{"line":345,"column":4},"end":{"line":345,"column":89}},"85":{"start":{"line":349,"column":4},"end":{"line":349,"column":42}},"86":{"start":{"line":351,"column":4},"end":{"line":351,"column":10147}},"87":{"start":{"line":352,"column":6},"end":{"line":352,"column":17}},"88":{"start":{"line":355,"column":4},"end":{"line":355,"column":40}},"89":{"start":{"line":357,"column":4},"end":{"line":357,"column":10250}},"90":{"start":{"line":358,"column":6},"end":{"line":358,"column":22}},"91":{"start":{"line":360,"column":6},"end":{"line":360,"column":10349}},"92":{"start":{"line":361,"column":8},"end":{"line":361,"column":10405}},"93":{"start":{"line":362,"column":10},"end":{"line":362,"column":21}},"94":{"start":{"line":367,"column":6},"end":{"line":367,"column":10542}},"95":{"start":{"line":368,"column":8},"end":{"line":368,"column":19}},"96":{"start":{"line":375,"column":4},"end":{"line":375,"column":10683}},"97":{"start":{"line":376,"column":6},"end":{"line":376,"column":36}},"98":{"start":{"line":379,"column":4},"end":{"line":379,"column":14}},"99":{"start":{"line":383,"column":4},"end":{"line":383,"column":43}},"100":{"start":{"line":385,"column":4},"end":{"line":385,"column":26}},"101":{"start":{"line":389,"column":4},"end":{"line":389,"column":11010}},"102":{"start":{"line":390,"column":6},"end":{"line":390,"column":63}},"103":{"start":{"line":391,"column":6},"end":{"line":391,"column":73}},"104":{"start":{"line":394,"column":4},"end":{"line":394,"column":53}},"105":{"start":{"line":401,"column":4},"end":{"line":401,"column":11461}},"106":{"start":{"line":402,"column":6},"end":{"line":402,"column":11527}},"107":{"start":{"line":403,"column":8},"end":{"line":403,"column":19}},"108":{"start":{"line":404,"column":8},"end":{"line":404,"column":16}},"109":{"start":{"line":409,"column":4},"end":{"line":409,"column":11644}},"110":{"start":{"line":410,"column":6},"end":{"line":410,"column":27}},"111":{"start":{"line":413,"column":4},"end":{"line":413,"column":11698}},"112":{"start":{"line":414,"column":6},"end":{"line":414,"column":62}},"113":{"start":{"line":417,"column":4},"end":{"line":417,"column":31}},"114":{"start":{"line":424,"column":4},"end":{"line":424,"column":11984}},"115":{"start":{"line":425,"column":6},"end":{"line":425,"column":33}},"116":{"start":{"line":427,"column":6},"end":{"line":427,"column":27}},"117":{"start":{"line":428,"column":6},"end":{"line":428,"column":35}},"118":{"start":{"line":440,"column":4},"end":{"line":440,"column":31}},"119":{"start":{"line":441,"column":4},"end":{"line":441,"column":41}}},"branchMap":{"1":{"line":91,"type":"if","locations":[{"start":{"line":91,"column":4},"end":{"line":91,"column":4}},{"start":{"line":91,"column":4},"end":{"line":91,"column":4}}]},"2":{"line":99,"type":"if","locations":[{"start":{"line":99,"column":4},"end":{"line":99,"column":4}},{"start":{"line":99,"column":4},"end":{"line":99,"column":4}}]},"3":{"line":109,"type":"if","locations":[{"start":{"line":109,"column":4},"end":{"line":109,"column":4}},{"start":{"line":109,"column":4},"end":{"line":109,"column":4}}]},"4":{"line":113,"type":"if","locations":[{"start":{"line":113,"column":4},"end":{"line":113,"column":4}},{"start":{"line":113,"column":4},"end":{"line":113,"column":4}}]},"5":{"line":125,"type":"if","locations":[{"start":{"line":125,"column":4},"end":{"line":125,"column":4}},{"start":{"line":125,"column":4},"end":{"line":125,"column":4}}]},"6":{"line":126,"type":"if","locations":[{"start":{"line":126,"column":4},"end":{"line":126,"column":4}},{"start":{"line":126,"column":4},"end":{"line":126,"column":4}}]},"7":{"line":162,"type":"if","locations":[{"start":{"line":162,"column":6},"end":{"line":162,"column":6}},{"start":{"line":162,"column":6},"end":{"line":162,"column":6}}]},"8":{"line":185,"type":"if","locations":[{"start":{"line":185,"column":4},"end":{"line":185,"column":4}},{"start":{"line":185,"column":4},"end":{"line":185,"column":4}}]},"9":{"line":191,"type":"if","locations":[{"start":{"line":191,"column":6},"end":{"line":191,"column":6}},{"start":{"line":191,"column":6},"end":{"line":191,"column":6}}]},"10":{"line":197,"type":"if","locations":[{"start":{"line":197,"column":6},"end":{"line":197,"column":6}},{"start":{"line":197,"column":6},"end":{"line":197,"column":6}}]},"11":{"line":208,"type":"if","locations":[{"start":{"line":208,"column":4},"end":{"line":208,"column":4}},{"start":{"line":208,"column":4},"end":{"line":208,"column":4}}]},"12":{"line":212,"type":"if","locations":[{"start":{"line":212,"column":4},"end":{"line":212,"column":4}},{"start":{"line":212,"column":4},"end":{"line":212,"column":4}}]},"13":{"line":226,"type":"if","locations":[{"start":{"line":226,"column":4},"end":{"line":226,"column":4}},{"start":{"line":226,"column":4},"end":{"line":226,"column":4}}]},"14":{"line":227,"type":"if","locations":[{"start":{"line":227,"column":4},"end":{"line":227,"column":4}},{"start":{"line":227,"column":4},"end":{"line":227,"column":4}}]},"15":{"line":228,"type":"if","locations":[{"start":{"line":228,"column":4},"end":{"line":228,"column":4}},{"start":{"line":228,"column":4},"end":{"line":228,"column":4}}]},"16":{"line":229,"type":"if","locations":[{"start":{"line":229,"column":4},"end":{"line":229,"column":4}},{"start":{"line":229,"column":4},"end":{"line":229,"column":4}}]},"17":{"line":236,"type":"if","locations":[{"start":{"line":236,"column":4},"end":{"line":236,"column":4}},{"start":{"line":236,"column":4},"end":{"line":236,"column":4}}]},"18":{"line":237,"type":"if","locations":[{"start":{"line":237,"column":4},"end":{"line":237,"column":4}},{"start":{"line":237,"column":4},"end":{"line":237,"column":4}}]},"19":{"line":238,"type":"if","locations":[{"start":{"line":238,"column":4},"end":{"line":238,"column":4}},{"start":{"line":238,"column":4},"end":{"line":238,"column":4}}]},"20":{"line":269,"type":"if","locations":[{"start":{"line":269,"column":4},"end":{"line":269,"column":4}},{"start":{"line":269,"column":4},"end":{"line":269,"column":4}}]},"21":{"line":279,"type":"if","locations":[{"start":{"line":279,"column":4},"end":{"line":279,"column":4}},{"start":{"line":279,"column":4},"end":{"line":279,"column":4}}]},"22":{"line":280,"type":"if","locations":[{"start":{"line":280,"column":4},"end":{"line":280,"column":4}},{"start":{"line":280,"column":4},"end":{"line":280,"column":4}}]},"23":{"line":284,"type":"if","locations":[{"start":{"line":284,"column":4},"end":{"line":284,"column":4}},{"start":{"line":284,"column":4},"end":{"line":284,"column":4}}]},"24":{"line":300,"type":"if","locations":[{"start":{"line":300,"column":4},"end":{"line":300,"column":4}},{"start":{"line":300,"column":4},"end":{"line":300,"column":4}}]},"25":{"line":312,"type":"if","locations":[{"start":{"line":312,"column":4},"end":{"line":312,"column":4}},{"start":{"line":312,"column":4},"end":{"line":312,"column":4}}]},"26":{"line":313,"type":"if","locations":[{"start":{"line":313,"column":4},"end":{"line":313,"column":4}},{"start":{"line":313,"column":4},"end":{"line":313,"column":4}}]},"27":{"line":327,"type":"if","locations":[{"start":{"line":327,"column":4},"end":{"line":327,"column":4}},{"start":{"line":327,"column":4},"end":{"line":327,"column":4}}]},"28":{"line":337,"type":"if","locations":[{"start":{"line":337,"column":4},"end":{"line":337,"column":4}},{"start":{"line":337,"column":4},"end":{"line":337,"column":4}}]},"29":{"line":351,"type":"if","locations":[{"start":{"line":351,"column":4},"end":{"line":351,"column":4}},{"start":{"line":351,"column":4},"end":{"line":351,"column":4}}]},"30":{"line":361,"type":"if","locations":[{"start":{"line":361,"column":8},"end":{"line":361,"column":8}},{"start":{"line":361,"column":8},"end":{"line":361,"column":8}}]},"31":{"line":367,"type":"if","locations":[{"start":{"line":367,"column":6},"end":{"line":367,"column":6}},{"start":{"line":367,"column":6},"end":{"line":367,"column":6}}]},"32":{"line":375,"type":"if","locations":[{"start":{"line":375,"column":4},"end":{"line":375,"column":4}},{"start":{"line":375,"column":4},"end":{"line":375,"column":4}}]},"33":{"line":389,"type":"if","locations":[{"start":{"line":389,"column":4},"end":{"line":389,"column":4}},{"start":{"line":389,"column":4},"end":{"line":389,"column":4}}]},"34":{"line":391,"type":"if","locations":[{"start":{"line":391,"column":6},"end":{"line":391,"column":6}},{"start":{"line":391,"column":6},"end":{"line":391,"column":6}}]},"35":{"line":402,"type":"if","locations":[{"start":{"line":402,"column":6},"end":{"line":402,"column":6}},{"start":{"line":402,"column":6},"end":{"line":402,"column":6}}]},"36":{"line":409,"type":"if","locations":[{"start":{"line":409,"column":4},"end":{"line":409,"column":4}},{"start":{"line":409,"column":4},"end":{"line":409,"column":4}}]},"37":{"line":424,"type":"if","locations":[{"start":{"line":424,"column":4},"end":{"line":424,"column":4}},{"start":{"line":424,"column":4},"end":{"line":424,"column":4}}]}}}}