{
"contracts/EMToken.sol":{"l":{},"path":"/home/alex/Projects/erc.money-app/contracts/EMToken.sol","s":{},"b":{},"f":{"1":3},"fnMap":{"1":{"name":"constructor","line":7,"loc":{"start":{"line":7,"column":2},"end":{"line":7,"column":75}}}},"statementMap":{},"branchMap":{}},
"contracts/IOrder.sol":{"l":{},"path":"/home/alex/Projects/erc.money-app/contracts/IOrder.sol","s":{},"b":{},"f":{},"fnMap":{},"statementMap":{},"branchMap":{}},
"contracts/IToken.sol":{"l":{},"path":"/home/alex/Projects/erc.money-app/contracts/IToken.sol","s":{},"b":{},"f":{},"fnMap":{},"statementMap":{},"branchMap":{}},
"contracts/Marketplace.sol":{"l":{"91":30,"95":26,"99":13,"103":13,"104":13,"105":3,"109":13,"113":11,"118":9,"125":3,"126":3,"128":3,"129":3,"133":4,"137":4,"141":3,"143":3,"149":31,"153":7,"158":1,"159":1,"161":1,"162":1,"163":1,"169":2,"170":2,"172":2,"173":4,"175":4,"176":2,"179":2,"181":2,"183":1,"184":1,"185":1,"191":8,"192":8,"196":8,"198":6,"210":12,"211":10,"212":8,"213":6,"215":4,"216":4,"217":4,"218":4,"220":4,"221":4,"222":4,"227":2,"228":2,"244":2,"245":2,"247":2,"253":3,"255":1,"261":6,"263":6,"264":6,"266":6,"268":4,"273":2,"274":2,"278":2,"280":2,"281":2,"284":2,"285":1,"287":2,"289":2,"296":1,"297":1,"299":1,"300":1,"302":1,"309":4,"311":4,"312":2,"313":2,"315":2,"316":2,"321":2,"322":1,"324":1,"329":2,"333":3,"335":3,"336":0,"339":3,"341":3,"342":3,"344":3,"345":2,"346":2,"347":2,"351":3,"352":1,"353":1,"359":4,"360":4,"363":0,"367":3,"369":3,"370":3,"371":3,"373":3,"374":2,"375":2,"378":3,"385":2,"386":2,"387":2,"388":2,"389":2,"393":2,"394":0,"397":2,"398":0,"401":2,"408":3,"409":3,"410":3,"411":3,"412":3,"424":1,"425":1,"433":1,"434":1},"path":"/home/alex/Projects/erc.money-app/contracts/Marketplace.sol","s":{"1":30,"2":13,"3":13,"4":3,"5":13,"6":11,"7":3,"8":3,"9":3,"10":3,"11":4,"12":4,"13":3,"14":3,"15":31,"16":7,"17":1,"18":1,"19":1,"20":1,"21":1,"22":2,"23":2,"24":2,"25":4,"26":4,"27":2,"28":2,"29":1,"30":1,"31":8,"32":8,"33":8,"34":6,"35":12,"36":10,"37":8,"38":6,"39":4,"40":4,"41":4,"42":4,"43":4,"44":4,"45":4,"46":2,"47":2,"48":2,"49":2,"50":3,"51":1,"52":6,"53":6,"54":6,"55":6,"56":4,"57":2,"58":2,"59":2,"60":2,"61":2,"62":2,"63":1,"64":2,"65":2,"66":1,"67":1,"68":1,"69":1,"70":1,"71":4,"72":4,"73":2,"74":2,"75":2,"76":1,"77":1,"78":2,"79":3,"80":3,"81":0,"82":3,"83":3,"84":3,"85":3,"86":2,"87":2,"88":3,"89":1,"90":4,"91":4,"92":0,"93":3,"94":3,"95":3,"96":2,"97":2,"98":3,"99":2,"100":2,"101":2,"102":2,"103":2,"104":0,"105":2,"106":0,"107":2,"108":3,"109":3,"110":3,"111":3,"112":1,"113":1},"b":{"1":[26,4],"2":[13,0],"3":[11,2],"4":[9,2],"5":[3,0],"6":[3,0],"7":[2,0],"8":[2,2],"9":[1,1],"10":[8,0],"11":[6,2],"12":[10,2],"13":[8,2],"14":[6,2],"15":[4,2],"16":[4,0],"17":[4,0],"18":[2,2],"19":[1,2],"20":[6,0],"21":[6,0],"22":[2,2],"23":[1,1],"24":[1,0],"25":[1,0],"26":[2,2],"27":[1,1],"28":[0,3],"29":[2,0],"30":[1,2],"31":[4,0],"32":[2,1],"33":[2,0],"34":[2,0],"35":[0,2],"36":[3,0]},"f":{"1":30,"2":13,"3":13,"4":3,"5":4,"6":4,"7":3,"8":31,"9":7,"10":1,"11":2,"12":8,"13":12,"14":3,"15":6,"16":1,"17":4,"18":2,"19":2,"20":3,"21":4,"22":3,"23":2,"24":3,"25":1},"fnMap":{"1":{"name":"isNotBlacklisted","line":90,"loc":{"start":{"line":90,"column":2},"end":{"line":96,"column":2}}},"2":{"name":"orderReentrancyGuard","line":98,"loc":{"start":{"line":98,"column":2},"end":{"line":106,"column":2}}},"3":{"name":"orderOpen","line":108,"loc":{"start":{"line":108,"column":2},"end":{"line":119,"column":2}}},"4":{"name":"constructor","line":121,"loc":{"start":{"line":121,"column":2},"end":{"line":130,"column":2}}},"5":{"name":"orderExists","line":132,"loc":{"start":{"line":132,"column":2},"end":{"line":134,"column":2}}},"6":{"name":"getOrder","line":136,"loc":{"start":{"line":136,"column":2},"end":{"line":138,"column":2}}},"7":{"name":"isOrderActive","line":140,"loc":{"start":{"line":140,"column":2},"end":{"line":146,"column":2}}},"8":{"name":"isTokenBlacklisted","line":148,"loc":{"start":{"line":148,"column":2},"end":{"line":150,"column":2}}},"9":{"name":"stats","line":152,"loc":{"start":{"line":152,"column":2},"end":{"line":154,"column":2}}},"10":{"name":"listActiveUserOrders","line":156,"loc":{"start":{"line":156,"column":2},"end":{"line":165,"column":2}}},"11":{"name":"listOrders","line":167,"loc":{"start":{"line":167,"column":2},"end":{"line":188,"column":2}}},"12":{"name":"orderPayoffAmount","line":190,"loc":{"start":{"line":190,"column":2},"end":{"line":199,"column":2}}},"13":{"name":"createOrder","line":208,"loc":{"start":{"line":201,"column":2},"end":{"line":248,"column":2}}},"14":{"name":"closeOrder","line":251,"loc":{"start":{"line":250,"column":2},"end":{"line":256,"column":2}}},"15":{"name":"claimOrder","line":259,"loc":{"start":{"line":258,"column":2},"end":{"line":290,"column":2}}},"16":{"name":"updateReward","line":295,"loc":{"start":{"line":295,"column":2},"end":{"line":303,"column":2}}},"17":{"name":"blacklistToken","line":308,"loc":{"start":{"line":308,"column":2},"end":{"line":318,"column":2}}},"18":{"name":"freeze","line":320,"loc":{"start":{"line":320,"column":2},"end":{"line":326,"column":2}}},"19":{"name":"_matchOrderTokens","line":328,"loc":{"start":{"line":328,"column":2},"end":{"line":330,"column":2}}},"20":{"name":"_matchString","line":332,"loc":{"start":{"line":332,"column":2},"end":{"line":356,"column":2}}},"21":{"name":"_upperCaseByte","line":358,"loc":{"start":{"line":358,"column":2},"end":{"line":364,"column":2}}},"22":{"name":"_updateOrder","line":366,"loc":{"start":{"line":366,"column":2},"end":{"line":379,"column":2}}},"23":{"name":"_removeActiveOrder","line":384,"loc":{"start":{"line":384,"column":2},"end":{"line":402,"column":2}}},"24":{"name":"_reward","line":407,"loc":{"start":{"line":407,"column":2},"end":{"line":414,"column":2}}},"25":{"name":null,"line":423,"loc":{"start":{"line":423,"column":2},"end":{"line":426,"column":2}}}},"statementMap":{"1":{"start":{"line":91,"column":4},"end":{"line":91,"column":2404}},"2":{"start":{"line":99,"column":4},"end":{"line":99,"column":2557}},"3":{"start":{"line":103,"column":4},"end":{"line":103,"column":37}},"4":{"start":{"line":105,"column":4},"end":{"line":105,"column":38}},"5":{"start":{"line":109,"column":4},"end":{"line":109,"column":2786}},"6":{"start":{"line":113,"column":4},"end":{"line":113,"column":2866}},"7":{"start":{"line":125,"column":4},"end":{"line":125,"column":70}},"8":{"start":{"line":126,"column":4},"end":{"line":126,"column":57}},"9":{"start":{"line":128,"column":4},"end":{"line":128,"column":23}},"10":{"start":{"line":129,"column":4},"end":{"line":129,"column":28}},"11":{"start":{"line":133,"column":4},"end":{"line":133,"column":33}},"12":{"start":{"line":137,"column":4},"end":{"line":137,"column":26}},"13":{"start":{"line":141,"column":4},"end":{"line":141,"column":49}},"14":{"start":{"line":143,"column":4},"end":{"line":143,"column":3711}},"15":{"start":{"line":149,"column":4},"end":{"line":149,"column":36}},"16":{"start":{"line":153,"column":4},"end":{"line":153,"column":30}},"17":{"start":{"line":158,"column":4},"end":{"line":158,"column":46}},"18":{"start":{"line":159,"column":4},"end":{"line":159,"column":41}},"19":{"start":{"line":161,"column":4},"end":{"line":161,"column":4216}},"20":{"start":{"line":162,"column":6},"end":{"line":162,"column":46}},"21":{"start":{"line":163,"column":6},"end":{"line":163,"column":36}},"22":{"start":{"line":169,"column":4},"end":{"line":169,"column":47}},"23":{"start":{"line":170,"column":4},"end":{"line":170,"column":34}},"24":{"start":{"line":172,"column":4},"end":{"line":172,"column":4619}},"25":{"start":{"line":173,"column":6},"end":{"line":173,"column":25}},"26":{"start":{"line":175,"column":6},"end":{"line":175,"column":4689}},"27":{"start":{"line":179,"column":6},"end":{"line":179,"column":36}},"28":{"start":{"line":181,"column":6},"end":{"line":181,"column":4782}},"29":{"start":{"line":184,"column":8},"end":{"line":184,"column":30}},"30":{"start":{"line":185,"column":8},"end":{"line":185,"column":32}},"31":{"start":{"line":191,"column":4},"end":{"line":191,"column":48}},"32":{"start":{"line":192,"column":4},"end":{"line":192,"column":5148}},"33":{"start":{"line":196,"column":4},"end":{"line":196,"column":99}},"34":{"start":{"line":198,"column":4},"end":{"line":198,"column":60}},"35":{"start":{"line":210,"column":4},"end":{"line":210,"column":66}},"36":{"start":{"line":211,"column":4},"end":{"line":211,"column":69}},"37":{"start":{"line":212,"column":4},"end":{"line":212,"column":82}},"38":{"start":{"line":213,"column":4},"end":{"line":213,"column":78}},"39":{"start":{"line":215,"column":4},"end":{"line":215,"column":44}},"40":{"start":{"line":216,"column":4},"end":{"line":216,"column":39}},"41":{"start":{"line":217,"column":4},"end":{"line":217,"column":40}},"42":{"start":{"line":218,"column":4},"end":{"line":218,"column":37}},"43":{"start":{"line":220,"column":4},"end":{"line":220,"column":103}},"44":{"start":{"line":221,"column":4},"end":{"line":221,"column":96}},"45":{"start":{"line":222,"column":4},"end":{"line":222,"column":6372}},"46":{"start":{"line":227,"column":4},"end":{"line":227,"column":26}},"47":{"start":{"line":228,"column":4},"end":{"line":228,"column":6553}},"48":{"start":{"line":245,"column":4},"end":{"line":245,"column":47}},"49":{"start":{"line":247,"column":4},"end":{"line":247,"column":52}},"50":{"start":{"line":253,"column":4},"end":{"line":253,"column":90}},"51":{"start":{"line":255,"column":4},"end":{"line":255,"column":54}},"52":{"start":{"line":261,"column":4},"end":{"line":261,"column":48}},"53":{"start":{"line":263,"column":4},"end":{"line":263,"column":70}},"54":{"start":{"line":264,"column":4},"end":{"line":264,"column":84}},"55":{"start":{"line":266,"column":4},"end":{"line":266,"column":58}},"56":{"start":{"line":268,"column":4},"end":{"line":268,"column":7727}},"57":{"start":{"line":273,"column":4},"end":{"line":273,"column":34}},"58":{"start":{"line":274,"column":4},"end":{"line":274,"column":7958}},"59":{"start":{"line":278,"column":4},"end":{"line":278,"column":33}},"60":{"start":{"line":280,"column":4},"end":{"line":280,"column":69}},"61":{"start":{"line":281,"column":4},"end":{"line":281,"column":59}},"62":{"start":{"line":284,"column":4},"end":{"line":284,"column":8269}},"63":{"start":{"line":285,"column":6},"end":{"line":285,"column":25}},"64":{"start":{"line":287,"column":4},"end":{"line":287,"column":24}},"65":{"start":{"line":289,"column":4},"end":{"line":289,"column":15}},"66":{"start":{"line":296,"column":4},"end":{"line":296,"column":66}},"67":{"start":{"line":297,"column":4},"end":{"line":297,"column":85}},"68":{"start":{"line":299,"column":4},"end":{"line":299,"column":17}},"69":{"start":{"line":300,"column":4},"end":{"line":300,"column":19}},"70":{"start":{"line":302,"column":4},"end":{"line":302,"column":53}},"71":{"start":{"line":309,"column":4},"end":{"line":309,"column":36}},"72":{"start":{"line":311,"column":4},"end":{"line":311,"column":8935}},"73":{"start":{"line":313,"column":6},"end":{"line":313,"column":49}},"74":{"start":{"line":316,"column":6},"end":{"line":316,"column":51}},"75":{"start":{"line":321,"column":4},"end":{"line":321,"column":9193}},"76":{"start":{"line":322,"column":6},"end":{"line":322,"column":13}},"77":{"start":{"line":324,"column":6},"end":{"line":324,"column":15}},"78":{"start":{"line":329,"column":4},"end":{"line":329,"column":89}},"79":{"start":{"line":333,"column":4},"end":{"line":333,"column":42}},"80":{"start":{"line":335,"column":4},"end":{"line":335,"column":9620}},"81":{"start":{"line":336,"column":6},"end":{"line":336,"column":17}},"82":{"start":{"line":339,"column":4},"end":{"line":339,"column":40}},"83":{"start":{"line":341,"column":4},"end":{"line":341,"column":9723}},"84":{"start":{"line":342,"column":6},"end":{"line":342,"column":22}},"85":{"start":{"line":344,"column":6},"end":{"line":344,"column":9822}},"86":{"start":{"line":345,"column":8},"end":{"line":345,"column":9878}},"87":{"start":{"line":346,"column":10},"end":{"line":346,"column":21}},"88":{"start":{"line":351,"column":6},"end":{"line":351,"column":10015}},"89":{"start":{"line":352,"column":8},"end":{"line":352,"column":19}},"90":{"start":{"line":359,"column":4},"end":{"line":359,"column":10156}},"91":{"start":{"line":360,"column":6},"end":{"line":360,"column":36}},"92":{"start":{"line":363,"column":4},"end":{"line":363,"column":14}},"93":{"start":{"line":367,"column":4},"end":{"line":367,"column":43}},"94":{"start":{"line":369,"column":4},"end":{"line":369,"column":26}},"95":{"start":{"line":373,"column":4},"end":{"line":373,"column":10483}},"96":{"start":{"line":374,"column":6},"end":{"line":374,"column":63}},"97":{"start":{"line":375,"column":6},"end":{"line":375,"column":73}},"98":{"start":{"line":378,"column":4},"end":{"line":378,"column":53}},"99":{"start":{"line":385,"column":4},"end":{"line":385,"column":10934}},"100":{"start":{"line":386,"column":6},"end":{"line":386,"column":11000}},"101":{"start":{"line":387,"column":8},"end":{"line":387,"column":19}},"102":{"start":{"line":388,"column":8},"end":{"line":388,"column":16}},"103":{"start":{"line":393,"column":4},"end":{"line":393,"column":11117}},"104":{"start":{"line":394,"column":6},"end":{"line":394,"column":27}},"105":{"start":{"line":397,"column":4},"end":{"line":397,"column":11171}},"106":{"start":{"line":398,"column":6},"end":{"line":398,"column":62}},"107":{"start":{"line":401,"column":4},"end":{"line":401,"column":31}},"108":{"start":{"line":408,"column":4},"end":{"line":408,"column":11457}},"109":{"start":{"line":409,"column":6},"end":{"line":409,"column":33}},"110":{"start":{"line":411,"column":6},"end":{"line":411,"column":27}},"111":{"start":{"line":412,"column":6},"end":{"line":412,"column":35}},"112":{"start":{"line":424,"column":4},"end":{"line":424,"column":31}},"113":{"start":{"line":425,"column":4},"end":{"line":425,"column":41}}},"branchMap":{"1":{"line":91,"type":"if","locations":[{"start":{"line":91,"column":4},"end":{"line":91,"column":4}},{"start":{"line":91,"column":4},"end":{"line":91,"column":4}}]},"2":{"line":99,"type":"if","locations":[{"start":{"line":99,"column":4},"end":{"line":99,"column":4}},{"start":{"line":99,"column":4},"end":{"line":99,"column":4}}]},"3":{"line":109,"type":"if","locations":[{"start":{"line":109,"column":4},"end":{"line":109,"column":4}},{"start":{"line":109,"column":4},"end":{"line":109,"column":4}}]},"4":{"line":113,"type":"if","locations":[{"start":{"line":113,"column":4},"end":{"line":113,"column":4}},{"start":{"line":113,"column":4},"end":{"line":113,"column":4}}]},"5":{"line":125,"type":"if","locations":[{"start":{"line":125,"column":4},"end":{"line":125,"column":4}},{"start":{"line":125,"column":4},"end":{"line":125,"column":4}}]},"6":{"line":126,"type":"if","locations":[{"start":{"line":126,"column":4},"end":{"line":126,"column":4}},{"start":{"line":126,"column":4},"end":{"line":126,"column":4}}]},"7":{"line":169,"type":"if","locations":[{"start":{"line":169,"column":4},"end":{"line":169,"column":4}},{"start":{"line":169,"column":4},"end":{"line":169,"column":4}}]},"8":{"line":175,"type":"if","locations":[{"start":{"line":175,"column":6},"end":{"line":175,"column":6}},{"start":{"line":175,"column":6},"end":{"line":175,"column":6}}]},"9":{"line":181,"type":"if","locations":[{"start":{"line":181,"column":6},"end":{"line":181,"column":6}},{"start":{"line":181,"column":6},"end":{"line":181,"column":6}}]},"10":{"line":192,"type":"if","locations":[{"start":{"line":192,"column":4},"end":{"line":192,"column":4}},{"start":{"line":192,"column":4},"end":{"line":192,"column":4}}]},"11":{"line":196,"type":"if","locations":[{"start":{"line":196,"column":4},"end":{"line":196,"column":4}},{"start":{"line":196,"column":4},"end":{"line":196,"column":4}}]},"12":{"line":210,"type":"if","locations":[{"start":{"line":210,"column":4},"end":{"line":210,"column":4}},{"start":{"line":210,"column":4},"end":{"line":210,"column":4}}]},"13":{"line":211,"type":"if","locations":[{"start":{"line":211,"column":4},"end":{"line":211,"column":4}},{"start":{"line":211,"column":4},"end":{"line":211,"column":4}}]},"14":{"line":212,"type":"if","locations":[{"start":{"line":212,"column":4},"end":{"line":212,"column":4}},{"start":{"line":212,"column":4},"end":{"line":212,"column":4}}]},"15":{"line":213,"type":"if","locations":[{"start":{"line":213,"column":4},"end":{"line":213,"column":4}},{"start":{"line":213,"column":4},"end":{"line":213,"column":4}}]},"16":{"line":220,"type":"if","locations":[{"start":{"line":220,"column":4},"end":{"line":220,"column":4}},{"start":{"line":220,"column":4},"end":{"line":220,"column":4}}]},"17":{"line":221,"type":"if","locations":[{"start":{"line":221,"column":4},"end":{"line":221,"column":4}},{"start":{"line":221,"column":4},"end":{"line":221,"column":4}}]},"18":{"line":222,"type":"if","locations":[{"start":{"line":222,"column":4},"end":{"line":222,"column":4}},{"start":{"line":222,"column":4},"end":{"line":222,"column":4}}]},"19":{"line":253,"type":"if","locations":[{"start":{"line":253,"column":4},"end":{"line":253,"column":4}},{"start":{"line":253,"column":4},"end":{"line":253,"column":4}}]},"20":{"line":263,"type":"if","locations":[{"start":{"line":263,"column":4},"end":{"line":263,"column":4}},{"start":{"line":263,"column":4},"end":{"line":263,"column":4}}]},"21":{"line":264,"type":"if","locations":[{"start":{"line":264,"column":4},"end":{"line":264,"column":4}},{"start":{"line":264,"column":4},"end":{"line":264,"column":4}}]},"22":{"line":268,"type":"if","locations":[{"start":{"line":268,"column":4},"end":{"line":268,"column":4}},{"start":{"line":268,"column":4},"end":{"line":268,"column":4}}]},"23":{"line":284,"type":"if","locations":[{"start":{"line":284,"column":4},"end":{"line":284,"column":4}},{"start":{"line":284,"column":4},"end":{"line":284,"column":4}}]},"24":{"line":296,"type":"if","locations":[{"start":{"line":296,"column":4},"end":{"line":296,"column":4}},{"start":{"line":296,"column":4},"end":{"line":296,"column":4}}]},"25":{"line":297,"type":"if","locations":[{"start":{"line":297,"column":4},"end":{"line":297,"column":4}},{"start":{"line":297,"column":4},"end":{"line":297,"column":4}}]},"26":{"line":311,"type":"if","locations":[{"start":{"line":311,"column":4},"end":{"line":311,"column":4}},{"start":{"line":311,"column":4},"end":{"line":311,"column":4}}]},"27":{"line":321,"type":"if","locations":[{"start":{"line":321,"column":4},"end":{"line":321,"column":4}},{"start":{"line":321,"column":4},"end":{"line":321,"column":4}}]},"28":{"line":335,"type":"if","locations":[{"start":{"line":335,"column":4},"end":{"line":335,"column":4}},{"start":{"line":335,"column":4},"end":{"line":335,"column":4}}]},"29":{"line":345,"type":"if","locations":[{"start":{"line":345,"column":8},"end":{"line":345,"column":8}},{"start":{"line":345,"column":8},"end":{"line":345,"column":8}}]},"30":{"line":351,"type":"if","locations":[{"start":{"line":351,"column":6},"end":{"line":351,"column":6}},{"start":{"line":351,"column":6},"end":{"line":351,"column":6}}]},"31":{"line":359,"type":"if","locations":[{"start":{"line":359,"column":4},"end":{"line":359,"column":4}},{"start":{"line":359,"column":4},"end":{"line":359,"column":4}}]},"32":{"line":373,"type":"if","locations":[{"start":{"line":373,"column":4},"end":{"line":373,"column":4}},{"start":{"line":373,"column":4},"end":{"line":373,"column":4}}]},"33":{"line":375,"type":"if","locations":[{"start":{"line":375,"column":6},"end":{"line":375,"column":6}},{"start":{"line":375,"column":6},"end":{"line":375,"column":6}}]},"34":{"line":386,"type":"if","locations":[{"start":{"line":386,"column":6},"end":{"line":386,"column":6}},{"start":{"line":386,"column":6},"end":{"line":386,"column":6}}]},"35":{"line":393,"type":"if","locations":[{"start":{"line":393,"column":4},"end":{"line":393,"column":4}},{"start":{"line":393,"column":4},"end":{"line":393,"column":4}}]},"36":{"line":408,"type":"if","locations":[{"start":{"line":408,"column":4},"end":{"line":408,"column":4}},{"start":{"line":408,"column":4},"end":{"line":408,"column":4}}]}}}}
