TN:
SF:/home/alex/Projects/erc.money-app/contracts/EMToken.sol
FN:7,constructor
FNF:1
FNH:1
FNDA:3,constructor
LF:0
LH:0
BRF:0
BRH:0
end_of_record
TN:
SF:/home/alex/Projects/erc.money-app/contracts/IOrder.sol
FNF:0
FNH:0
LF:0
LH:0
BRF:0
BRH:0
end_of_record
TN:
SF:/home/alex/Projects/erc.money-app/contracts/IToken.sol
FNF:0
FNH:0
LF:0
LH:0
BRF:0
BRH:0
end_of_record
TN:
SF:/home/alex/Projects/erc.money-app/contracts/Marketplace.sol
FN:90,isNotBlacklisted
FN:98,orderReentrancyGuard
FN:108,orderOpen
FN:121,constructor
FN:132,orderExists
FN:136,getOrder
FN:140,isOrderActive
FN:148,isTokenBlacklisted
FN:152,stats
FN:156,requiredUserTokenAllowance
FN:172,listActiveUserOrders
FN:183,listOrders
FN:206,orderPayoffAmount
FN:224,createOrder
FN:271,closeOrder
FN:279,claimOrder
FN:315,updateReward
FN:328,blacklistToken
FN:340,freeze
FN:348,_matchOrderTokens
FN:352,_matchString
FN:378,_upperCaseByte
FN:386,_updateOrder
FN:404,_removeActiveOrder
FN:427,_reward
FN:443,
FNF:26
FNH:26
FNDA:34,isNotBlacklisted
FNDA:13,orderReentrancyGuard
FNDA:13,orderOpen
FNDA:3,constructor
FNDA:4,orderExists
FNDA:4,getOrder
FNDA:3,isOrderActive
FNDA:35,isTokenBlacklisted
FNDA:7,stats
FNDA:8,requiredUserTokenAllowance
FNDA:1,listActiveUserOrders
FNDA:2,listOrders
FNDA:8,orderPayoffAmount
FNDA:14,createOrder
FNDA:3,closeOrder
FNDA:6,claimOrder
FNDA:1,updateReward
FNDA:4,blacklistToken
FNDA:2,freeze
FNDA:2,_matchOrderTokens
FNDA:3,_matchString
FNDA:4,_upperCaseByte
FNDA:3,_updateOrder
FNDA:2,_removeActiveOrder
FNDA:3,_reward
FNDA:1,
DA:91,34
DA:95,30
DA:99,13
DA:103,13
DA:104,13
DA:105,3
DA:109,13
DA:113,11
DA:118,9
DA:125,3
DA:126,3
DA:128,3
DA:129,3
DA:133,4
DA:137,4
DA:141,3
DA:143,3
DA:149,35
DA:153,7
DA:158,8
DA:159,1
DA:160,1
DA:162,1
DA:163,0
DA:166,1
DA:169,8
DA:174,1
DA:175,1
DA:177,1
DA:178,1
DA:179,1
DA:185,2
DA:186,2
DA:188,2
DA:189,4
DA:191,4
DA:192,2
DA:195,2
DA:197,2
DA:199,1
DA:200,1
DA:201,1
DA:207,8
DA:208,8
DA:212,8
DA:214,6
DA:226,14
DA:227,12
DA:228,10
DA:229,8
DA:231,6
DA:232,6
DA:233,6
DA:234,6
DA:236,6
DA:237,6
DA:238,6
DA:242,4
DA:247,2
DA:248,2
DA:264,2
DA:265,2
DA:267,2
DA:273,3
DA:275,1
DA:281,6
DA:283,6
DA:284,6
DA:286,6
DA:288,4
DA:293,2
DA:294,2
DA:298,2
DA:300,2
DA:301,2
DA:304,2
DA:305,1
DA:307,2
DA:309,2
DA:316,1
DA:317,1
DA:319,1
DA:320,1
DA:322,1
DA:329,4
DA:331,4
DA:332,2
DA:333,2
DA:335,2
DA:336,2
DA:341,2
DA:342,1
DA:344,1
DA:349,2
DA:353,3
DA:355,3
DA:356,0
DA:359,3
DA:361,3
DA:362,3
DA:364,3
DA:365,2
DA:366,2
DA:367,2
DA:371,3
DA:372,1
DA:373,1
DA:379,4
DA:380,4
DA:383,0
DA:387,3
DA:389,3
DA:390,3
DA:391,3
DA:393,3
DA:394,2
DA:395,2
DA:398,3
DA:405,2
DA:406,2
DA:407,2
DA:408,2
DA:409,2
DA:413,2
DA:414,0
DA:417,2
DA:418,0
DA:421,2
DA:428,3
DA:429,3
DA:430,3
DA:431,3
DA:432,3
DA:444,1
DA:445,1
DA:453,1
DA:454,1
LF:137
LH:132
BRDA:91,1,0,30
BRDA:91,1,1,4
BRDA:99,2,0,13
BRDA:99,2,1,0
BRDA:109,3,0,11
BRDA:109,3,1,2
BRDA:113,4,0,9
BRDA:113,4,1,2
BRDA:125,5,0,3
BRDA:125,5,1,0
BRDA:126,6,0,3
BRDA:126,6,1,0
BRDA:162,7,0,0
BRDA:162,7,1,1
BRDA:185,8,0,2
BRDA:185,8,1,0
BRDA:191,9,0,2
BRDA:191,9,1,2
BRDA:197,10,0,1
BRDA:197,10,1,1
BRDA:208,11,0,8
BRDA:208,11,1,0
BRDA:212,12,0,6
BRDA:212,12,1,2
BRDA:226,13,0,12
BRDA:226,13,1,2
BRDA:227,14,0,10
BRDA:227,14,1,2
BRDA:228,15,0,8
BRDA:228,15,1,2
BRDA:229,16,0,6
BRDA:229,16,1,2
BRDA:236,17,0,6
BRDA:236,17,1,0
BRDA:237,18,0,6
BRDA:237,18,1,0
BRDA:238,19,0,4
BRDA:238,19,1,2
BRDA:242,20,0,2
BRDA:242,20,1,2
BRDA:273,21,0,1
BRDA:273,21,1,2
BRDA:283,22,0,6
BRDA:283,22,1,0
BRDA:284,23,0,6
BRDA:284,23,1,0
BRDA:288,24,0,2
BRDA:288,24,1,2
BRDA:304,25,0,1
BRDA:304,25,1,1
BRDA:316,26,0,1
BRDA:316,26,1,0
BRDA:317,27,0,1
BRDA:317,27,1,0
BRDA:331,28,0,2
BRDA:331,28,1,2
BRDA:341,29,0,1
BRDA:341,29,1,1
BRDA:355,30,0,0
BRDA:355,30,1,3
BRDA:365,31,0,2
BRDA:365,31,1,0
BRDA:371,32,0,1
BRDA:371,32,1,2
BRDA:379,33,0,4
BRDA:379,33,1,0
BRDA:393,34,0,2
BRDA:393,34,1,1
BRDA:395,35,0,2
BRDA:395,35,1,0
BRDA:406,36,0,2
BRDA:406,36,1,0
BRDA:413,37,0,0
BRDA:413,37,1,2
BRDA:428,38,0,3
BRDA:428,38,1,0
BRF:76
BRH:57
end_of_record
