TN:
SF:/home/alex/Projects/erc.money-app/contracts/EMToken.sol
FN:7,constructor
FNF:1
FNH:1
FNDA:3,constructor
LF:0
LH:0
BRF:0
BRH:0
end_of_record
TN:
SF:/home/alex/Projects/erc.money-app/contracts/IOrder.sol
FNF:0
FNH:0
LF:0
LH:0
BRF:0
BRH:0
end_of_record
TN:
SF:/home/alex/Projects/erc.money-app/contracts/IToken.sol
FNF:0
FNH:0
LF:0
LH:0
BRF:0
BRH:0
end_of_record
TN:
SF:/home/alex/Projects/erc.money-app/contracts/Marketplace.sol
FN:95,isNotBlacklisted
FN:103,orderReentrancyGuard
FN:113,orderOpen
FN:126,constructor
FN:136,orderExists
FN:140,getOrder
FN:144,isOrderActive
FN:152,isTokenBlacklisted
FN:156,stats
FN:160,requiredUserTokenAllowance
FN:176,listActiveUserOrders
FN:187,listOrders
FN:210,orderPayoffAmount
FN:228,createOrder
FN:275,closeOrder
FN:283,claimOrder
FN:319,updateTreasury
FN:330,updateReward
FN:343,blacklistToken
FN:355,freeze
FN:363,_matchOrderTokens
FN:367,_matchString
FN:393,_upperCaseByte
FN:401,_updateOrder
FN:419,_removeActiveOrder
FN:442,_reward
FN:458,
FNF:27
FNH:27
FNDA:34,isNotBlacklisted
FNDA:13,orderReentrancyGuard
FNDA:13,orderOpen
FNDA:3,constructor
FNDA:4,orderExists
FNDA:4,getOrder
FNDA:3,isOrderActive
FNDA:35,isTokenBlacklisted
FNDA:7,stats
FNDA:8,requiredUserTokenAllowance
FNDA:1,listActiveUserOrders
FNDA:2,listOrders
FNDA:8,orderPayoffAmount
FNDA:14,createOrder
FNDA:3,closeOrder
FNDA:6,claimOrder
FNDA:4,updateTreasury
FNDA:2,updateReward
FNDA:4,blacklistToken
FNDA:2,freeze
FNDA:2,_matchOrderTokens
FNDA:3,_matchString
FNDA:4,_upperCaseByte
FNDA:3,_updateOrder
FNDA:2,_removeActiveOrder
FNDA:3,_reward
FNDA:1,
DA:96,34
DA:100,30
DA:104,13
DA:108,13
DA:109,13
DA:110,3
DA:114,13
DA:118,11
DA:123,9
DA:130,3
DA:132,3
DA:133,3
DA:137,4
DA:141,4
DA:145,3
DA:147,3
DA:153,35
DA:157,7
DA:162,8
DA:163,1
DA:164,1
DA:166,1
DA:167,0
DA:170,1
DA:173,8
DA:178,1
DA:179,1
DA:181,1
DA:182,1
DA:183,1
DA:189,2
DA:190,2
DA:192,2
DA:193,4
DA:195,4
DA:196,2
DA:199,2
DA:201,2
DA:203,1
DA:204,1
DA:205,1
DA:211,8
DA:212,8
DA:216,8
DA:218,6
DA:230,14
DA:231,12
DA:232,10
DA:233,8
DA:235,6
DA:236,6
DA:237,6
DA:238,6
DA:240,6
DA:241,6
DA:242,6
DA:246,4
DA:251,2
DA:252,2
DA:268,2
DA:269,2
DA:271,2
DA:277,3
DA:279,1
DA:285,6
DA:287,6
DA:288,6
DA:290,6
DA:292,4
DA:297,2
DA:298,2
DA:302,2
DA:304,2
DA:305,2
DA:308,2
DA:309,1
DA:311,2
DA:313,2
DA:320,4
DA:322,4
DA:324,4
DA:331,2
DA:332,2
DA:334,2
DA:335,2
DA:337,2
DA:344,4
DA:346,4
DA:347,2
DA:348,2
DA:350,2
DA:351,2
DA:356,2
DA:357,1
DA:359,1
DA:364,2
DA:368,3
DA:370,3
DA:371,0
DA:374,3
DA:376,3
DA:377,3
DA:379,3
DA:380,2
DA:381,2
DA:382,2
DA:386,3
DA:387,1
DA:388,1
DA:394,4
DA:395,4
DA:398,0
DA:402,3
DA:404,3
DA:405,3
DA:406,3
DA:408,3
DA:409,2
DA:410,2
DA:413,3
DA:420,2
DA:421,2
DA:422,2
DA:423,2
DA:424,2
DA:428,2
DA:429,0
DA:432,2
DA:433,0
DA:436,2
DA:443,3
DA:444,3
DA:445,3
DA:446,3
DA:447,3
DA:459,1
DA:460,1
DA:468,1
DA:469,1
LF:139
LH:134
BRDA:96,1,0,30
BRDA:96,1,1,4
BRDA:104,2,0,13
BRDA:104,2,1,0
BRDA:114,3,0,11
BRDA:114,3,1,2
BRDA:118,4,0,9
BRDA:118,4,1,2
BRDA:130,5,0,3
BRDA:130,5,1,0
BRDA:166,6,0,0
BRDA:166,6,1,1
BRDA:189,7,0,2
BRDA:189,7,1,0
BRDA:195,8,0,2
BRDA:195,8,1,2
BRDA:201,9,0,1
BRDA:201,9,1,1
BRDA:212,10,0,8
BRDA:212,10,1,0
BRDA:216,11,0,6
BRDA:216,11,1,2
BRDA:230,12,0,12
BRDA:230,12,1,2
BRDA:231,13,0,10
BRDA:231,13,1,2
BRDA:232,14,0,8
BRDA:232,14,1,2
BRDA:233,15,0,6
BRDA:233,15,1,2
BRDA:240,16,0,6
BRDA:240,16,1,0
BRDA:241,17,0,6
BRDA:241,17,1,0
BRDA:242,18,0,4
BRDA:242,18,1,2
BRDA:246,19,0,2
BRDA:246,19,1,2
BRDA:277,20,0,1
BRDA:277,20,1,2
BRDA:287,21,0,6
BRDA:287,21,1,0
BRDA:288,22,0,6
BRDA:288,22,1,0
BRDA:292,23,0,2
BRDA:292,23,1,2
BRDA:308,24,0,1
BRDA:308,24,1,1
BRDA:320,25,0,4
BRDA:320,25,1,0
BRDA:331,26,0,2
BRDA:331,26,1,0
BRDA:332,27,0,2
BRDA:332,27,1,0
BRDA:346,28,0,2
BRDA:346,28,1,2
BRDA:356,29,0,1
BRDA:356,29,1,1
BRDA:370,30,0,0
BRDA:370,30,1,3
BRDA:380,31,0,2
BRDA:380,31,1,0
BRDA:386,32,0,1
BRDA:386,32,1,2
BRDA:394,33,0,4
BRDA:394,33,1,0
BRDA:408,34,0,2
BRDA:408,34,1,1
BRDA:410,35,0,2
BRDA:410,35,1,0
BRDA:421,36,0,2
BRDA:421,36,1,0
BRDA:428,37,0,0
BRDA:428,37,1,2
BRDA:443,38,0,3
BRDA:443,38,1,0
BRF:76
BRH:57
end_of_record
