TN:
SF:/home/alex/Projects/erc.money-app/contracts/EMToken.sol
FN:7,constructor
FNF:1
FNH:1
FNDA:3,constructor
LF:0
LH:0
BRF:0
BRH:0
end_of_record
TN:
SF:/home/alex/Projects/erc.money-app/contracts/IOrder.sol
FNF:0
FNH:0
LF:0
LH:0
BRF:0
BRH:0
end_of_record
TN:
SF:/home/alex/Projects/erc.money-app/contracts/IToken.sol
FNF:0
FNH:0
LF:0
LH:0
BRF:0
BRH:0
end_of_record
TN:
SF:/home/alex/Projects/erc.money-app/contracts/Marketplace.sol
FN:90,isNotBlacklisted
FN:98,orderReentrancyGuard
FN:108,orderOpen
FN:121,constructor
FN:132,orderExists
FN:136,getOrder
FN:140,isOrderActive
FN:148,isTokenBlacklisted
FN:152,stats
FN:156,listActiveUserOrders
FN:167,listOrders
FN:190,orderPayoffAmount
FN:208,createOrder
FN:251,closeOrder
FN:259,claimOrder
FN:295,updateReward
FN:308,blacklistToken
FN:320,freeze
FN:328,_matchOrderTokens
FN:332,_matchString
FN:358,_upperCaseByte
FN:366,_updateOrder
FN:384,_removeActiveOrder
FN:407,_reward
FN:423,
FNF:25
FNH:25
FNDA:30,isNotBlacklisted
FNDA:13,orderReentrancyGuard
FNDA:13,orderOpen
FNDA:3,constructor
FNDA:4,orderExists
FNDA:4,getOrder
FNDA:3,isOrderActive
FNDA:31,isTokenBlacklisted
FNDA:7,stats
FNDA:1,listActiveUserOrders
FNDA:2,listOrders
FNDA:8,orderPayoffAmount
FNDA:12,createOrder
FNDA:3,closeOrder
FNDA:6,claimOrder
FNDA:1,updateReward
FNDA:4,blacklistToken
FNDA:2,freeze
FNDA:2,_matchOrderTokens
FNDA:3,_matchString
FNDA:4,_upperCaseByte
FNDA:3,_updateOrder
FNDA:2,_removeActiveOrder
FNDA:3,_reward
FNDA:1,
DA:91,30
DA:95,26
DA:99,13
DA:103,13
DA:104,13
DA:105,3
DA:109,13
DA:113,11
DA:118,9
DA:125,3
DA:126,3
DA:128,3
DA:129,3
DA:133,4
DA:137,4
DA:141,3
DA:143,3
DA:149,31
DA:153,7
DA:158,1
DA:159,1
DA:161,1
DA:162,1
DA:163,1
DA:169,2
DA:170,2
DA:172,2
DA:173,4
DA:175,4
DA:176,2
DA:179,2
DA:181,2
DA:183,1
DA:184,1
DA:185,1
DA:191,8
DA:192,8
DA:196,8
DA:198,6
DA:210,12
DA:211,10
DA:212,8
DA:213,6
DA:215,4
DA:216,4
DA:217,4
DA:218,4
DA:220,4
DA:221,4
DA:222,4
DA:227,2
DA:228,2
DA:244,2
DA:245,2
DA:247,2
DA:253,3
DA:255,1
DA:261,6
DA:263,6
DA:264,6
DA:266,6
DA:268,4
DA:273,2
DA:274,2
DA:278,2
DA:280,2
DA:281,2
DA:284,2
DA:285,1
DA:287,2
DA:289,2
DA:296,1
DA:297,1
DA:299,1
DA:300,1
DA:302,1
DA:309,4
DA:311,4
DA:312,2
DA:313,2
DA:315,2
DA:316,2
DA:321,2
DA:322,1
DA:324,1
DA:329,2
DA:333,3
DA:335,3
DA:336,0
DA:339,3
DA:341,3
DA:342,3
DA:344,3
DA:345,2
DA:346,2
DA:347,2
DA:351,3
DA:352,1
DA:353,1
DA:359,4
DA:360,4
DA:363,0
DA:367,3
DA:369,3
DA:370,3
DA:371,3
DA:373,3
DA:374,2
DA:375,2
DA:378,3
DA:385,2
DA:386,2
DA:387,2
DA:388,2
DA:389,2
DA:393,2
DA:394,0
DA:397,2
DA:398,0
DA:401,2
DA:408,3
DA:409,3
DA:410,3
DA:411,3
DA:412,3
DA:424,1
DA:425,1
DA:433,1
DA:434,1
LF:129
LH:125
BRDA:91,1,0,26
BRDA:91,1,1,4
BRDA:99,2,0,13
BRDA:99,2,1,0
BRDA:109,3,0,11
BRDA:109,3,1,2
BRDA:113,4,0,9
BRDA:113,4,1,2
BRDA:125,5,0,3
BRDA:125,5,1,0
BRDA:126,6,0,3
BRDA:126,6,1,0
BRDA:169,7,0,2
BRDA:169,7,1,0
BRDA:175,8,0,2
BRDA:175,8,1,2
BRDA:181,9,0,1
BRDA:181,9,1,1
BRDA:192,10,0,8
BRDA:192,10,1,0
BRDA:196,11,0,6
BRDA:196,11,1,2
BRDA:210,12,0,10
BRDA:210,12,1,2
BRDA:211,13,0,8
BRDA:211,13,1,2
BRDA:212,14,0,6
BRDA:212,14,1,2
BRDA:213,15,0,4
BRDA:213,15,1,2
BRDA:220,16,0,4
BRDA:220,16,1,0
BRDA:221,17,0,4
BRDA:221,17,1,0
BRDA:222,18,0,2
BRDA:222,18,1,2
BRDA:253,19,0,1
BRDA:253,19,1,2
BRDA:263,20,0,6
BRDA:263,20,1,0
BRDA:264,21,0,6
BRDA:264,21,1,0
BRDA:268,22,0,2
BRDA:268,22,1,2
BRDA:284,23,0,1
BRDA:284,23,1,1
BRDA:296,24,0,1
BRDA:296,24,1,0
BRDA:297,25,0,1
BRDA:297,25,1,0
BRDA:311,26,0,2
BRDA:311,26,1,2
BRDA:321,27,0,1
BRDA:321,27,1,1
BRDA:335,28,0,0
BRDA:335,28,1,3
BRDA:345,29,0,2
BRDA:345,29,1,0
BRDA:351,30,0,1
BRDA:351,30,1,2
BRDA:359,31,0,4
BRDA:359,31,1,0
BRDA:373,32,0,2
BRDA:373,32,1,1
BRDA:375,33,0,2
BRDA:375,33,1,0
BRDA:386,34,0,2
BRDA:386,34,1,0
BRDA:393,35,0,0
BRDA:393,35,1,2
BRDA:408,36,0,3
BRDA:408,36,1,0
BRF:72
BRH:54
end_of_record
